{'exp_name': 'cmflow_t_cvpr', 'model': 'cmflow_t', 'num_points': 256, 'batch_size': 16, 'val_batch_size': 8, 'epochs': 50, 'lr': 0.001, 'decay_epochs': 1, 'decay_rate': 0.9, 'cuda_device': '0', 'no_cuda': False, 'seed': 1234, 'num_workers': 8, 'eval': True, 'eval_split': 'test', 'dataset': 'vodClipDataset', 'train_set': 'train', 'dataset_path': '/mnt/12T/fangqiang/preprocess_res/flow_smp/', 'vis': False, 'save_res': True, 'rigid_thres': 0.15, 'vr_thres': 0.3, 'stat_thres': 0.5, 'mini_clip_len': 5, 'update_len': 5, 'load_checkpoint': False, 'model_path': ''}
test : 2717 frames
###The inference speed is 75.073ms per frame###
###The mean rne: 0.05217736110764671###
###The mean 50-50 rne: 0.06107535012072198###
###The mean mov_rne: 0.07262622179296077###
###The mean stat_rne: 0.04952447844848281###
###The mean sas: 0.8941055168365408###
###The mean ras: 0.9892243132409949###
###The mean epe: 0.12971994156181746###
###The mean accs: 0.2276956715368392###
###The mean accr: 0.5392416932409457###
###The mean acc: 0.8726486155988422###
###The mean miou: 0.5648658507141732###
###The mean sen: 0.9048343382993295###
###The mean RTE: 0.08892045677253001###
###The mean RAE: 0.12644588078225302###
Max memory alocation: 163.698688MB
Max memory alocation: 163.698688MB
{'exp_name': 'cmflow_t_cvpr', 'model': 'cmflow_t', 'num_points': 256, 'batch_size': 16, 'val_batch_size': 8, 'epochs': 50, 'lr': 0.001, 'decay_epochs': 1, 'decay_rate': 0.9, 'cuda_device': '0', 'no_cuda': False, 'seed': 1234, 'num_workers': 8, 'eval': True, 'eval_split': 'test', 'dataset': 'vodClipDataset', 'train_set': 'train', 'dataset_path': '/mnt/12T/fangqiang/preprocess_res/flow_smp/', 'vis': False, 'save_res': True, 'rigid_thres': 0.15, 'vr_thres': 0.3, 'stat_thres': 0.5, 'mini_clip_len': 5, 'update_len': 5, 'load_checkpoint': False, 'model_path': ''}
test : 2717 frames
###The inference speed is 74.208ms per frame###
###The mean rne: 0.05217736110764671###
###The mean 50-50 rne: 0.06107535012072198###
###The mean mov_rne: 0.07262622179296077###
###The mean stat_rne: 0.04952447844848281###
###The mean sas: 0.8941055168365408###
###The mean ras: 0.9892243132409949###
###The mean epe: 0.12971994156181746###
###The mean accs: 0.2276956715368392###
###The mean accr: 0.5392416932409457###
###The mean acc: 0.8726486155988422###
###The mean miou: 0.5648658507141732###
###The mean sen: 0.9048343382993295###
###The mean RTE: 0.08892045677253001###
###The mean RAE: 0.12644588078225302###
Max memory alocation: 163.698688MB
Max memory alocation: 163.698688MB
